0 info it worked if it ends with ok
1 verbose cli [ 'C:\\Program Files\\nodejs\\node.exe',
1 verbose cli   'C:\\Users\\ralvane\\AppData\\Roaming\\npm\\node_modules\\npm\\bin\\npm-cli.js',
1 verbose cli   'start' ]
2 info using npm@3.9.3
3 info using node@v6.2.2
4 verbose run-script [ 'prestart', 'start', 'poststart' ]
5 info lifecycle web-tech@1.0.0~prestart: web-tech@1.0.0
6 silly lifecycle web-tech@1.0.0~prestart: no script for prestart, continuing
7 info lifecycle web-tech@1.0.0~start: web-tech@1.0.0
8 verbose lifecycle web-tech@1.0.0~start: unsafe-perm in lifecycle true
9 verbose lifecycle web-tech@1.0.0~start: PATH: C:\Users\ralvane\AppData\Roaming\npm\node_modules\npm\bin\node-gyp-bin;D:\projects\web-tech\node_modules\.bin;C:\Program Files\nodejs;C:\Program Files (x86)\Intel\iCLS Client\;C:\Program Files\Intel\iCLS Client\;C:\Windows\system32;C:\Windows;C:\Windows\System32\Wbem;C:\Windows\System32\WindowsPowerShell\v1.0\;C:\Program Files (x86)\Intel\Intel(R) Management Engine Components\DAL;C:\Program Files\Intel\Intel(R) Management Engine Components\DAL;C:\Program Files (x86)\Intel\Intel(R) Management Engine Components\IPT;C:\Program Files\Intel\Intel(R) Management Engine Components\IPT;C:\Program Files (x86)\NVIDIA Corporation\PhysX\Common;C:\Program Files (x86)\Windows Kits\8.1\Windows Performance Toolkit\;C:\Program Files (x86)\GtkSharp\2.12\bin;C:\Program Files\Calibre2\;C:\Program Files\Microsoft SQL Server\120\Tools\Binn\;C:\Program Files\Microsoft\Web Platform Installer\;C:\Program Files (x86)\Microsoft SDKs\Azure\CLI\wbin;C:\Program Files\Microsoft SQL Server\130\Tools\Binn\;C:\Program Files\Git\cmd;C:\Program Files\nodejs\;C:\Program Files\dotnet\;C:\Program Files\TortoiseHg\;C:\Program Files (x86)\Heroku\bin;C:\Program Files (x86)\git\cmd;C:\Program Files (x86)\Git\cmd;C:\Users\ralvane\AppData\Local\Programs\Python\Python35-32\Scripts\;C:\Users\ralvane\AppData\Local\Programs\Python\Python35-32\;C:\Users\ralvane\AppData\Local\atom\bin;C:\Program Files (x86)\Microsoft VS Code\bin;C:\Users\ralvane\AppData\Roaming\npm;C:\mongoDB\bin;C:\phantomJS\phantomjs-2.1.1-windows\bin
10 verbose lifecycle web-tech@1.0.0~start: CWD: D:\projects\web-tech
11 silly lifecycle web-tech@1.0.0~start: Args: [ '/d /s /c', 'node ./server.js' ]
12 silly lifecycle web-tech@1.0.0~start: Returned: code: 1  signal: null
13 info lifecycle web-tech@1.0.0~start: Failed to exec start script
14 verbose stack Error: web-tech@1.0.0 start: `node ./server.js`
14 verbose stack Exit status 1
14 verbose stack     at EventEmitter.<anonymous> (C:\Users\ralvane\AppData\Roaming\npm\node_modules\npm\lib\utils\lifecycle.js:245:16)
14 verbose stack     at emitTwo (events.js:106:13)
14 verbose stack     at EventEmitter.emit (events.js:191:7)
14 verbose stack     at ChildProcess.<anonymous> (C:\Users\ralvane\AppData\Roaming\npm\node_modules\npm\lib\utils\spawn.js:24:14)
14 verbose stack     at emitTwo (events.js:106:13)
14 verbose stack     at ChildProcess.emit (events.js:191:7)
14 verbose stack     at maybeClose (internal/child_process.js:852:16)
14 verbose stack     at Process.ChildProcess._handle.onexit (internal/child_process.js:215:5)
15 verbose pkgid web-tech@1.0.0
16 verbose cwd D:\projects\web-tech\app\home
17 error Windows_NT 10.0.10586
18 error argv "C:\\Program Files\\nodejs\\node.exe" "C:\\Users\\ralvane\\AppData\\Roaming\\npm\\node_modules\\npm\\bin\\npm-cli.js" "start"
19 error node v6.2.2
20 error npm  v3.9.3
21 error code ELIFECYCLE
22 error web-tech@1.0.0 start: `node ./server.js`
22 error Exit status 1
23 error Failed at the web-tech@1.0.0 start script 'node ./server.js'.
23 error Make sure you have the latest version of node.js and npm installed.
23 error If you do, this is most likely a problem with the web-tech package,
23 error not with npm itself.
23 error Tell the author that this fails on your system:
23 error     node ./server.js
23 error You can get information on how to open an issue for this project with:
23 error     npm bugs web-tech
23 error Or if that isn't available, you can get their info via:
23 error     npm owner ls web-tech
23 error There is likely additional logging output above.
24 verbose exit [ 1, true ]
